<?xml version="1.0" encoding="UTF-8"?>
<testsuite xmlns:xsi="http://www.w3.org/2001/XMLSchema-instance" xsi:noNamespaceSchemaLocation="https://maven.apache.org/surefire/maven-surefire-plugin/xsd/surefire-test-report.xsd" name="xyz.foobar.service.DiffServiceTest" time="0.013" tests="8" errors="0" skipped="0" failures="0">
  <properties>
[...]
</properties>
  <testcase name="testCalculateDelete" classname="xyz.foobar.service.DiffServiceTest" time="0.001"/>
  <testcase name="testCalculateCreation" classname="xyz.foobar.service.DiffServiceTest" time="0"/>
  <testcase name="testApplyNegative" classname="xyz.foobar.service.DiffServiceTest" time="0"/>
  <testcase name="testCalculateUpdate" classname="xyz.foobar.service.DiffServiceTest" time="0"/>
  <testcase name="testApply" classname="xyz.foobar.service.DiffServiceTest" time="0"/>
  <testcase name="testCalculateDifferentTypes" classname="xyz.foobar.service.DiffServiceTest" time="0"/>
  <testcase name="testCalculateEqualObjects" classname="xyz.foobar.service.DiffServiceTest" time="0"/>
  <testcase name="testCalculateNulls" classname="xyz.foobar.service.DiffServiceTest" time="0"/>
</testsuite>